ERROR 2026-04-28 15:56:58,182 scheduler Failed to start scheduler: BaseScheduler.add_job() got multiple values for argument 'replace_existing'
ERROR 2026-04-28 15:57:43,137 scheduler Failed to start scheduler: BaseScheduler.add_job() got multiple values for argument 'replace_existing'
ERROR 2026-04-28 18:10:54,518 scheduler Failed to start scheduler: (2002, "Can't connect to server on '127.0.0.1' (10061)")
ERROR 2026-04-28 18:10:59,675 scheduler Failed to start scheduler: (2002, "Can't connect to server on '127.0.0.1' (10061)")
ERROR 2026-04-28 20:40:23,379 scheduler Failed to start scheduler: (2002, "Can't connect to server on '127.0.0.1' (10061)")
INFO 2026-04-28 21:07:03,279 scheduler Scheduler started - akan berjalan setiap 5 menit
INFO 2026-04-28 21:08:16,902 scheduler Scheduler started - akan berjalan setiap 5 menit
INFO 2026-04-28 21:09:01,345 scheduler Scheduler started - akan berjalan setiap 5 menit
INFO 2026-04-28 21:09:02,367 scheduler Scheduler started - akan berjalan setiap 5 menit
INFO 2026-04-28 21:14:02,316 scheduler Running periodic verification from scheduler...
ERROR 2026-04-28 21:14:02,350 scheduler Periodic verification error: localtime() cannot be applied to a naive datetime
INFO 2026-04-28 21:20:42,807 scheduler Scheduler started - akan berjalan setiap 5 menit
INFO 2026-04-28 21:20:44,818 scheduler Scheduler started - akan berjalan setiap 5 menit
INFO 2026-04-28 21:25:44,756 scheduler Running periodic verification from scheduler...
ERROR 2026-04-28 21:25:44,840 scheduler Periodic verification error: localtime() cannot be applied to a naive datetime
INFO 2026-04-28 21:25:49,390 scheduler Scheduler started - akan berjalan setiap 5 menit
INFO 2026-04-28 21:27:49,147 scheduler Scheduler started - akan berjalan setiap 5 menit
INFO 2026-04-28 21:29:24,163 scheduler Scheduler started - akan berjalan setiap 5 menit
INFO 2026-04-28 21:29:24,781 scheduler Scheduler started - akan berjalan setiap 5 menit
INFO 2026-04-28 21:34:24,759 scheduler Running periodic verification from scheduler...
INFO 2026-04-28 21:34:24,775 scheduler Periodic verification completed
INFO 2026-04-28 21:39:24,779 scheduler Running periodic verification from scheduler...
INFO 2026-04-28 21:39:24,830 scheduler Running periodic verification from scheduler...
ERROR 2026-04-28 21:39:24,958 scheduler Periodic verification error: localtime() cannot be applied to a naive datetime
ERROR 2026-04-28 21:39:24,983 scheduler Periodic verification error: localtime() cannot be applied to a naive datetime
INFO 2026-04-28 21:44:24,765 scheduler Running periodic verification from scheduler...
INFO 2026-04-28 21:44:24,765 scheduler Running periodic verification from scheduler...
ERROR 2026-04-28 21:44:24,800 scheduler Periodic verification error: localtime() cannot be applied to a naive datetime
ERROR 2026-04-28 21:44:24,800 scheduler Periodic verification error: localtime() cannot be applied to a naive datetime
INFO 2026-04-28 21:49:24,770 scheduler Running periodic verification from scheduler...
ERROR 2026-04-28 21:49:24,797 scheduler Periodic verification error: localtime() cannot be applied to a naive datetime
ERROR 2026-04-28 21:49:24,803 scheduler Periodic verification error: localtime() cannot be applied to a naive datetime
INFO 2026-04-28 21:54:24,762 scheduler Running periodic verification from scheduler...
ERROR 2026-04-28 21:54:24,780 scheduler Periodic verification error: localtime() cannot be applied to a naive datetime
INFO 2026-04-28 21:59:24,772 scheduler Running periodic verification from scheduler...
ERROR 2026-04-28 21:59:24,784 scheduler Periodic verification error: localtime() cannot be applied to a naive datetime
ERROR 2026-04-28 21:59:24,787 scheduler Periodic verification error: localtime() cannot be applied to a naive datetime
INFO 2026-04-28 22:04:24,767 scheduler Running periodic verification from scheduler...
ERROR 2026-04-28 22:04:24,775 scheduler Periodic verification error: localtime() cannot be applied to a naive datetime
ERROR 2026-04-28 22:04:24,775 scheduler Periodic verification error: localtime() cannot be applied to a naive datetime
INFO 2026-04-28 22:09:24,771 scheduler Running periodic verification from scheduler...
ERROR 2026-04-28 22:09:24,786 scheduler Periodic verification error: localtime() cannot be applied to a naive datetime
ERROR 2026-04-28 22:09:24,786 scheduler Periodic verification error: localtime() cannot be applied to a naive datetime
INFO 2026-04-28 22:14:24,774 scheduler Running periodic verification from scheduler...
INFO 2026-04-28 22:14:24,774 scheduler Running periodic verification from scheduler...
ERROR 2026-04-28 22:14:24,787 scheduler Periodic verification error: localtime() cannot be applied to a naive datetime
ERROR 2026-04-28 22:14:24,787 scheduler Periodic verification error: localtime() cannot be applied to a naive datetime
INFO 2026-04-28 22:19:24,772 scheduler Running periodic verification from scheduler...
INFO 2026-04-28 22:19:24,772 scheduler Running periodic verification from scheduler...
ERROR 2026-04-28 22:19:24,779 scheduler Periodic verification error: localtime() cannot be applied to a naive datetime
ERROR 2026-04-28 22:19:24,779 scheduler Periodic verification error: localtime() cannot be applied to a naive datetime
INFO 2026-04-28 22:24:24,761 scheduler Running periodic verification from scheduler...
ERROR 2026-04-28 22:24:24,780 scheduler Periodic verification error: localtime() cannot be applied to a naive datetime
ERROR 2026-04-28 22:24:24,780 scheduler Periodic verification error: localtime() cannot be applied to a naive datetime
INFO 2026-04-28 22:29:24,764 scheduler Running periodic verification from scheduler...
ERROR 2026-04-28 22:29:24,768 scheduler Periodic verification error: localtime() cannot be applied to a naive datetime
ERROR 2026-04-28 22:29:24,770 scheduler Periodic verification error: localtime() cannot be applied to a naive datetime
INFO 2026-04-28 22:34:24,765 scheduler Running periodic verification from scheduler...
INFO 2026-04-28 22:34:24,767 scheduler Running periodic verification from scheduler...
ERROR 2026-04-28 22:34:24,779 scheduler Periodic verification error: localtime() cannot be applied to a naive datetime
ERROR 2026-04-28 22:34:24,779 scheduler Periodic verification error: localtime() cannot be applied to a naive datetime
INFO 2026-04-28 22:39:24,761 scheduler Running periodic verification from scheduler...
ERROR 2026-04-28 22:39:24,769 scheduler Periodic verification error: localtime() cannot be applied to a naive datetime
ERROR 2026-04-28 22:39:24,769 scheduler Periodic verification error: localtime() cannot be applied to a naive datetime
INFO 2026-04-28 22:44:24,761 scheduler Running periodic verification from scheduler...
ERROR 2026-04-28 22:44:24,774 scheduler Periodic verification error: localtime() cannot be applied to a naive datetime
ERROR 2026-04-28 22:44:24,775 scheduler Periodic verification error: localtime() cannot be applied to a naive datetime
INFO 2026-04-28 22:49:24,770 scheduler Running periodic verification from scheduler...
ERROR 2026-04-28 22:49:24,794 scheduler Periodic verification error: localtime() cannot be applied to a naive datetime
ERROR 2026-04-28 22:49:24,794 scheduler Periodic verification error: localtime() cannot be applied to a naive datetime
INFO 2026-04-28 22:54:24,760 scheduler Running periodic verification from scheduler...
ERROR 2026-04-28 22:54:24,766 scheduler Periodic verification error: localtime() cannot be applied to a naive datetime
ERROR 2026-04-28 22:54:24,766 scheduler Periodic verification error: localtime() cannot be applied to a naive datetime
INFO 2026-04-28 22:59:24,762 scheduler Running periodic verification from scheduler...
ERROR 2026-04-28 22:59:24,775 scheduler Periodic verification error: localtime() cannot be applied to a naive datetime
ERROR 2026-04-28 22:59:24,776 scheduler Periodic verification error: localtime() cannot be applied to a naive datetime
INFO 2026-04-28 23:03:51,275 scheduler Scheduler started - akan berjalan setiap 5 menit
INFO 2026-04-28 23:04:19,279 scheduler Scheduler started - akan berjalan setiap 5 menit
INFO 2026-04-28 23:04:48,687 scheduler Scheduler started - akan berjalan setiap 5 menit
INFO 2026-04-28 23:05:37,844 scheduler Scheduler started - akan berjalan setiap 5 menit
INFO 2026-04-28 23:05:51,184 scheduler Scheduler started - akan berjalan setiap 5 menit
INFO 2026-04-28 23:10:31,309 scheduler Scheduler started - akan berjalan setiap 5 menit
INFO 2026-04-28 23:10:32,057 scheduler Scheduler started - akan berjalan setiap 5 menit
INFO 2026-04-28 23:15:32,056 scheduler Running periodic verification from scheduler...
INFO 2026-04-28 23:15:32,058 scheduler Running periodic verification from scheduler...
ERROR 2026-04-28 23:15:32,068 scheduler Periodic verification error: localtime() cannot be applied to a naive datetime
ERROR 2026-04-28 23:15:32,068 scheduler Periodic verification error: localtime() cannot be applied to a naive datetime
INFO 2026-04-28 23:20:32,055 scheduler Running periodic verification from scheduler...
INFO 2026-04-28 23:20:32,055 scheduler Running periodic verification from scheduler...
ERROR 2026-04-28 23:20:32,067 scheduler Periodic verification error: localtime() cannot be applied to a naive datetime
ERROR 2026-04-28 23:20:32,070 scheduler Periodic verification error: localtime() cannot be applied to a naive datetime
INFO 2026-04-28 23:25:32,058 scheduler Running periodic verification from scheduler...
ERROR 2026-04-28 23:25:32,070 scheduler Periodic verification error: localtime() cannot be applied to a naive datetime
ERROR 2026-04-28 23:25:32,073 scheduler Periodic verification error: localtime() cannot be applied to a naive datetime
INFO 2026-04-28 23:30:32,071 scheduler Running periodic verification from scheduler...
INFO 2026-04-28 23:30:32,078 scheduler Periodic verification completed
INFO 2026-04-28 23:30:32,078 scheduler Periodic verification completed
INFO 2026-04-28 23:35:32,057 scheduler Running periodic verification from scheduler...
ERROR 2026-04-28 23:35:32,065 scheduler Periodic verification error: localtime() cannot be applied to a naive datetime
ERROR 2026-04-28 23:35:32,065 scheduler Periodic verification error: localtime() cannot be applied to a naive datetime
INFO 2026-04-28 23:40:32,049 scheduler Running periodic verification from scheduler...
ERROR 2026-04-28 23:40:32,054 scheduler Periodic verification error: localtime() cannot be applied to a naive datetime
ERROR 2026-04-28 23:40:32,054 scheduler Periodic verification error: localtime() cannot be applied to a naive datetime
INFO 2026-04-28 23:45:32,044 scheduler Running periodic verification from scheduler...
ERROR 2026-04-28 23:45:32,060 scheduler Periodic verification error: localtime() cannot be applied to a naive datetime
INFO 2026-04-28 23:50:32,049 scheduler Running periodic verification from scheduler...
INFO 2026-04-28 23:50:32,069 scheduler Periodic verification completed
INFO 2026-04-28 23:50:32,069 scheduler Periodic verification completed
INFO 2026-04-28 23:55:32,057 scheduler Running periodic verification from scheduler...
INFO 2026-04-28 23:55:32,062 scheduler Periodic verification completed
INFO 2026-04-28 23:55:32,062 scheduler Periodic verification completed
INFO 2026-04-29 00:00:32,058 scheduler Running periodic verification from scheduler...
INFO 2026-04-29 00:00:32,062 scheduler Periodic verification completed
INFO 2026-04-29 00:00:32,062 scheduler Periodic verification completed
INFO 2026-04-29 00:05:32,047 scheduler Running periodic verification from scheduler...
INFO 2026-04-29 00:05:32,053 scheduler Periodic verification completed
INFO 2026-04-29 00:05:32,053 scheduler Periodic verification completed
INFO 2026-04-29 00:10:32,047 scheduler Running periodic verification from scheduler...
INFO 2026-04-29 00:10:32,090 scheduler Periodic verification completed
INFO 2026-04-29 00:15:32,059 scheduler Running periodic verification from scheduler...
INFO 2026-04-29 00:15:32,067 scheduler Periodic verification completed
INFO 2026-04-29 00:15:32,067 scheduler Periodic verification completed
INFO 2026-04-29 00:20:32,066 scheduler Running periodic verification from scheduler...
INFO 2026-04-29 00:20:32,069 scheduler Periodic verification completed
INFO 2026-04-29 00:20:32,069 scheduler Periodic verification completed
INFO 2026-04-29 00:21:47,122 scheduler Scheduler started - akan berjalan setiap 5 menit
INFO 2026-04-29 00:21:58,750 scheduler Scheduler started - akan berjalan setiap 5 menit
INFO 2026-04-29 00:26:58,740 scheduler Running periodic verification from scheduler...
INFO 2026-04-29 00:26:58,743 scheduler Periodic verification completed
INFO 2026-04-29 00:31:58,739 scheduler Running periodic verification from scheduler...
INFO 2026-04-29 00:31:58,743 scheduler Periodic verification completed
INFO 2026-04-30 14:35:17,325 scheduler SCHEDULER IS DISABLED - Using frontend periodic verification
